<?xml version="1.0" encoding="UTF-8"?>
<testsuite xmlns:xsi="http://www.w3.org/2001/XMLSchema-instance" xsi:noNamespaceSchemaLocation="https://maven.apache.org/surefire/maven-surefire-plugin/xsd/surefire-test-report.xsd" name="model.files_management.FileManagerTest" time="0.032" tests="3" errors="0" skipped="0" failures="0">
  <properties>
    <property name="sun.desktop" value="windows"/>
    <property name="awt.toolkit" value="sun.awt.windows.WToolkit"/>
    <property name="file.encoding.pkg" value="sun.io"/>
    <property name="java.specification.version" value="1.8"/>
    <property name="sun.cpu.isalist" value="amd64"/>
    <property name="sun.jnu.encoding" value="Cp1252"/>
    <property name="java.class.path" value="C:\Users\andre\Documents\GitHub\Wordageddon\Wordageddon_G13\target\test-classes;C:\Users\andre\Documents\GitHub\Wordageddon\Wordageddon_G13\target\classes;C:\Users\andre\.m2\repository\org\openjfx\javafx-controls\11\javafx-controls-11.jar;C:\Users\andre\.m2\repository\org\openjfx\javafx-controls\11\javafx-controls-11-win.jar;C:\Users\andre\.m2\repository\org\openjfx\javafx-graphics\11\javafx-graphics-11.jar;C:\Users\andre\.m2\repository\org\openjfx\javafx-graphics\11\javafx-graphics-11-win.jar;C:\Users\andre\.m2\repository\org\openjfx\javafx-base\11\javafx-base-11.jar;C:\Users\andre\.m2\repository\org\openjfx\javafx-base\11\javafx-base-11-win.jar;C:\Users\andre\.m2\repository\org\openjfx\javafx-fxml\11\javafx-fxml-11.jar;C:\Users\andre\.m2\repository\org\openjfx\javafx-fxml\11\javafx-fxml-11-win.jar;C:\Users\andre\.m2\repository\org\xerial\sqlite-jdbc\3.50.2.0\sqlite-jdbc-3.50.2.0.jar;C:\Users\andre\.m2\repository\org\junit\jupiter\junit-jupiter-api\5.9.3\junit-jupiter-api-5.9.3.jar;C:\Users\andre\.m2\repository\org\opentest4j\opentest4j\1.2.0\opentest4j-1.2.0.jar;C:\Users\andre\.m2\repository\org\junit\platform\junit-platform-commons\1.9.3\junit-platform-commons-1.9.3.jar;C:\Users\andre\.m2\repository\org\apiguardian\apiguardian-api\1.1.2\apiguardian-api-1.1.2.jar;C:\Users\andre\.m2\repository\org\junit\jupiter\junit-jupiter-engine\5.9.3\junit-jupiter-engine-5.9.3.jar;C:\Users\andre\.m2\repository\org\junit\platform\junit-platform-engine\1.9.3\junit-platform-engine-1.9.3.jar;C:\Users\andre\.m2\repository\junit\junit\4.13.2\junit-4.13.2.jar;C:\Users\andre\.m2\repository\org\hamcrest\hamcrest-core\1.3\hamcrest-core-1.3.jar;"/>
    <property name="java.vm.vendor" value="Oracle Corporation"/>
    <property name="sun.arch.data.model" value="64"/>
    <property name="user.variant" value=""/>
    <property name="java.vendor.url" value="http://java.oracle.com/"/>
    <property name="user.timezone" value="Europe/Berlin"/>
    <property name="java.vm.specification.version" value="1.8"/>
    <property name="os.name" value="Windows 11"/>
    <property name="user.country" value="IT"/>
    <property name="sun.java.launcher" value="SUN_STANDARD"/>
    <property name="sun.boot.library.path" value="C:\Program Files (x86)\Java\jdk-8\jre\bin"/>
    <property name="sun.java.command" value="C:\Users\andre\AppData\Local\Temp\surefire7317176237730141765\surefirebooter8402247654709598351.jar C:\Users\andre\AppData\Local\Temp\surefire7317176237730141765 2025-07-09T18-19-01_408-jvmRun1 surefire8464762152566110166tmp surefire_04880438842083676591tmp"/>
    <property name="surefire.test.class.path" value="C:\Users\andre\Documents\GitHub\Wordageddon\Wordageddon_G13\target\test-classes;C:\Users\andre\Documents\GitHub\Wordageddon\Wordageddon_G13\target\classes;C:\Users\andre\.m2\repository\org\openjfx\javafx-controls\11\javafx-controls-11.jar;C:\Users\andre\.m2\repository\org\openjfx\javafx-controls\11\javafx-controls-11-win.jar;C:\Users\andre\.m2\repository\org\openjfx\javafx-graphics\11\javafx-graphics-11.jar;C:\Users\andre\.m2\repository\org\openjfx\javafx-graphics\11\javafx-graphics-11-win.jar;C:\Users\andre\.m2\repository\org\openjfx\javafx-base\11\javafx-base-11.jar;C:\Users\andre\.m2\repository\org\openjfx\javafx-base\11\javafx-base-11-win.jar;C:\Users\andre\.m2\repository\org\openjfx\javafx-fxml\11\javafx-fxml-11.jar;C:\Users\andre\.m2\repository\org\openjfx\javafx-fxml\11\javafx-fxml-11-win.jar;C:\Users\andre\.m2\repository\org\xerial\sqlite-jdbc\3.50.2.0\sqlite-jdbc-3.50.2.0.jar;C:\Users\andre\.m2\repository\org\junit\jupiter\junit-jupiter-api\5.9.3\junit-jupiter-api-5.9.3.jar;C:\Users\andre\.m2\repository\org\opentest4j\opentest4j\1.2.0\opentest4j-1.2.0.jar;C:\Users\andre\.m2\repository\org\junit\platform\junit-platform-commons\1.9.3\junit-platform-commons-1.9.3.jar;C:\Users\andre\.m2\repository\org\apiguardian\apiguardian-api\1.1.2\apiguardian-api-1.1.2.jar;C:\Users\andre\.m2\repository\org\junit\jupiter\junit-jupiter-engine\5.9.3\junit-jupiter-engine-5.9.3.jar;C:\Users\andre\.m2\repository\org\junit\platform\junit-platform-engine\1.9.3\junit-platform-engine-1.9.3.jar;C:\Users\andre\.m2\repository\junit\junit\4.13.2\junit-4.13.2.jar;C:\Users\andre\.m2\repository\org\hamcrest\hamcrest-core\1.3\hamcrest-core-1.3.jar;"/>
    <property name="sun.cpu.endian" value="little"/>
    <property name="user.home" value="C:\Users\andre"/>
    <property name="user.language" value="it"/>
    <property name="java.specification.vendor" value="Oracle Corporation"/>
    <property name="java.home" value="C:\Program Files (x86)\Java\jdk-8\jre"/>
    <property name="basedir" value="C:\Users\andre\Documents\GitHub\Wordageddon\Wordageddon_G13"/>
    <property name="file.separator" value="\"/>
    <property name="line.separator" value="&#10;"/>
    <property name="java.vm.specification.vendor" value="Oracle Corporation"/>
    <property name="java.specification.name" value="Java Platform API Specification"/>
    <property name="java.awt.graphicsenv" value="sun.awt.Win32GraphicsEnvironment"/>
    <property name="surefire.real.class.path" value="C:\Users\andre\AppData\Local\Temp\surefire7317176237730141765\surefirebooter8402247654709598351.jar"/>
    <property name="sun.boot.class.path" value="C:\Program Files (x86)\Java\jdk-8\jre\lib\resources.jar;C:\Program Files (x86)\Java\jdk-8\jre\lib\rt.jar;C:\Program Files (x86)\Java\jdk-8\jre\lib\jsse.jar;C:\Program Files (x86)\Java\jdk-8\jre\lib\jce.jar;C:\Program Files (x86)\Java\jdk-8\jre\lib\charsets.jar;C:\Program Files (x86)\Java\jdk-8\jre\lib\jfr.jar;C:\Program Files (x86)\Java\jdk-8\jre\classes"/>
    <property name="user.script" value=""/>
    <property name="sun.management.compiler" value="HotSpot 64-Bit Tiered Compilers"/>
    <property name="java.runtime.version" value="1.8.0_411-b25"/>
    <property name="user.name" value="andre"/>
    <property name="path.separator" value=";"/>
    <property name="os.version" value="10.0"/>
    <property name="java.endorsed.dirs" value="C:\Program Files (x86)\Java\jdk-8\jre\lib\endorsed"/>
    <property name="java.runtime.name" value="Java(TM) SE Runtime Environment"/>
    <property name="file.encoding" value="Cp1252"/>
    <property name="java.vm.name" value="Java HotSpot(TM) 64-Bit Server VM"/>
    <property name="localRepository" value="C:\Users\andre\.m2\repository"/>
    <property name="java.vendor.url.bug" value="http://bugreport.sun.com/bugreport/"/>
    <property name="java.io.tmpdir" value="C:\Users\andre\AppData\Local\Temp\"/>
    <property name="java.version" value="1.8.0_411"/>
    <property name="user.dir" value="C:\Users\andre\Documents\GitHub\Wordageddon\Wordageddon_G13"/>
    <property name="os.arch" value="amd64"/>
    <property name="java.vm.specification.name" value="Java Virtual Machine Specification"/>
    <property name="java.awt.printerjob" value="sun.awt.windows.WPrinterJob"/>
    <property name="sun.os.patch.level" value=""/>
    <property name="java.library.path" value="C:\Program Files (x86)\Java\jdk-8\jre\bin;C:\WINDOWS\Sun\Java\bin;C:\WINDOWS\system32;C:\WINDOWS;C:\Program Files (x86)\VMware\VMware Workstation\bin\;C:\windows\system32;C:\windows;C:\windows\System32\Wbem;C:\windows\System32\WindowsPowerShell\v1.0\;C:\windows\System32\OpenSSH\;C:\Program Files (x86)\NVIDIA Corporation\PhysX\Common;C:\WINDOWS\system32;C:\WINDOWS;C:\WINDOWS\System32\Wbem;C:\WINDOWS\System32\WindowsPowerShell\v1.0\;C:\WINDOWS\System32\OpenSSH\;C:\cygwin64;C:\Program Files\dotnet\;C:\MinGW\bin;C:\Program Files\doxygen\bin;C:\Program Files (x86)\Java\jdk-8\bin;C:\Program Files (x86)\Java\jdk-23.0.1\bin;C:\Program Files\NVIDIA Corporation\NVIDIA NvDLISR;C:\Program Files\Git\cmd;C:\Program Files\Git\bin;C:\Maven\apache-maven-3.9.9-bin\apache-maven-3.9.9\bin;C:\Program Files\PostgreSQL\17\bin;C:\Users\andre\AppData\Local\Programs\Thonny;C:\Program Files\Docker\Docker\resources\bin;C:\Users\andre\AppData\Local\Microsoft\WindowsApps;C:\MinGW\bin;C:\Program Files\JetBrains\IntelliJ IDEA Community Edition 2024.2.0.2\bin;;C:\Users\andre\AppData\Local\GitHubDesktop\bin;C:\Users\andre\AppData\Local\Programs\Microsoft VS Code\bin;C:\Users\andre\.fly\bin;."/>
    <property name="java.vm.info" value="mixed mode"/>
    <property name="java.vendor" value="Oracle Corporation"/>
    <property name="java.vm.version" value="25.411-b25"/>
    <property name="java.specification.maintenance.version" value="5"/>
    <property name="java.ext.dirs" value="C:\Program Files (x86)\Java\jdk-8\jre\lib\ext;C:\WINDOWS\Sun\Java\lib\ext"/>
    <property name="sun.io.unicode.encoding" value="UnicodeLittle"/>
    <property name="java.class.version" value="52.0"/>
  </properties>
  <testcase name="addFiles" classname="model.files_management.FileManagerTest" time="0.023"/>
  <testcase name="deleteFiles" classname="model.files_management.FileManagerTest" time="0"/>
  <testcase name="getFiles" classname="model.files_management.FileManagerTest" time="0"/>
</testsuite>